<?xml version="1.0" encoding="UTF-8"?>
<!-- Generated by org.testng.reporters.JUnitReportReporter -->
<testsuite hostname="DESKTOP-HAQKA9K" name="com.autoqa.framework.apitest.restassuredcore.CreateJiraIssueTest" tests="1" failures="0" timestamp="11 Sep 2018 04:11:35 GMT" time="1.344" errors="0">
  <testcase name="createIssue" time="1.344" classname="com.autoqa.framework.apitest.restassuredcore.CreateJiraIssueTest"/>
</testsuite> <!-- com.autoqa.framework.apitest.restassuredcore.CreateJiraIssueTest -->
