<?xml version="1.0" encoding="UTF-8"?>
<!-- Generated by org.testng.reporters.JUnitReportReporter -->
<testsuite hostname="DESKTOP-HAQKA9K" name="com.autoqa.framework.apitest.restassuredcore.JiraLoginTest" tests="1" failures="0" timestamp="11 Sep 2018 04:11:35 GMT" time="5.910" errors="0">
  <testcase name="doLogin" time="5.910" classname="com.autoqa.framework.apitest.restassuredcore.JiraLoginTest"/>
</testsuite> <!-- com.autoqa.framework.apitest.restassuredcore.JiraLoginTest -->
